# JRE version: OpenJDK Runtime Environment Corretto-21.0.1.12.1 (21.0.1+12) (build 21.0.1+12-LTS)
# Java VM: OpenJDK 64-Bit Server VM Corretto-21.0.1.12.1 (21.0.1+12-LTS, mixed mode, sharing, tiered, compressed oops, compressed class ptrs, g1 gc, windows-amd64)
GC Precious Log:
 CardTable entry size: 512
 Card Set container configuration: InlinePtr #cards 5 size 8 Array Of Cards #cards 12 size 40 Howl #buckets 4 coarsen threshold 1843 Howl Bitmap #cards 512 size 80 coarsen threshold 460 Card regions per heap region 1 cards per card region 2048
 CPUs: 6 total, 6 available
 Memory: 32629M
 Large Page Support: Disabled
 NUMA Support: Disabled
 Compressed Oops: Enabled (32-bit)
 Heap Region Size: 1M
 Heap Min Capacity: 256M
 Heap Initial Capacity: 256M
 Heap Max Capacity: 512M
 Pre-touch: Disabled
 Parallel Workers: 6
 Concurrent Workers: 2
 Concurrent Refinement Workers: 6
 Periodic GC: Disabled
Heap:
 garbage-first heap   total 277504K, used 203916K [0x00000000e0000000, 0x0000000100000000)
  region size 1024K, 57 young (58368K), 6 survivors (6144K)
 Metaspace       used 104652K, committed 107968K, reserved 458752K
  class space    used 13798K, committed 15680K, reserved 327680K
GC Heap History (20 events):
Event: 73.679 GC heap before
{Heap before GC invocations=16 (full 0):
 garbage-first heap   total 277504K, used 241781K [0x00000000e0000000, 0x0000000100000000)
  region size 1024K, 136 young (139264K), 19 survivors (19456K)
 Metaspace       used 88241K, committed 90432K, reserved 458752K
  class space    used 12155K, committed 13248K, reserved 327680K
}
Event: 73.695 GC heap after
{Heap after GC invocations=17 (full 0):
 garbage-first heap   total 277504K, used 128686K [0x00000000e0000000, 0x0000000100000000)
  region size 1024K, 7 young (7168K), 7 survivors (7168K)
 Metaspace       used 88241K, committed 90432K, reserved 458752K
  class space    used 12155K, committed 13248K, reserved 327680K
}
Event: 147.459 GC heap before
{Heap before GC invocations=17 (full 0):
 garbage-first heap   total 277504K, used 252590K [0x00000000e0000000, 0x0000000100000000)
  region size 1024K, 129 young (132096K), 7 survivors (7168K)
 Metaspace       used 91948K, committed 94272K, reserved 458752K
  class space    used 12630K, committed 13760K, reserved 327680K
}
Event: 147.469 GC heap after
{Heap after GC invocations=18 (full 0):
 garbage-first heap   total 277504K, used 135863K [0x00000000e0000000, 0x0000000100000000)
  region size 1024K, 14 young (14336K), 14 survivors (14336K)
 Metaspace       used 91948K, committed 94272K, reserved 458752K
  class space    used 12630K, committed 13760K, reserved 327680K
}
Event: 147.984 GC heap before
{Heap before GC invocations=18 (full 0):
 garbage-first heap   total 277504K, used 228023K [0x00000000e0000000, 0x0000000100000000)
  region size 1024K, 105 young (107520K), 14 survivors (14336K)
 Metaspace       used 92861K, committed 95168K, reserved 458752K
  class space    used 12694K, committed 13824K, reserved 327680K
}
Event: 147.996 GC heap after
{Heap after GC invocations=19 (full 0):
 garbage-first heap   total 277504K, used 140288K [0x00000000e0000000, 0x0000000100000000)
  region size 1024K, 6 young (6144K), 6 survivors (6144K)
 Metaspace       used 92861K, committed 95168K, reserved 458752K
  class space    used 12694K, committed 13824K, reserved 327680K
}
Event: 148.596 GC heap before
{Heap before GC invocations=20 (full 0):
 garbage-first heap   total 277504K, used 256000K [0x00000000e0000000, 0x0000000100000000)
  region size 1024K, 119 young (121856K), 6 survivors (6144K)
 Metaspace       used 93186K, committed 95552K, reserved 458752K
  class space    used 12726K, committed 13888K, reserved 327680K
}
Event: 148.603 GC heap after
{Heap after GC invocations=21 (full 0):
 garbage-first heap   total 277504K, used 144009K [0x00000000e0000000, 0x0000000100000000)
  region size 1024K, 10 young (10240K), 10 survivors (10240K)
 Metaspace       used 93186K, committed 95552K, reserved 458752K
  class space    used 12726K, committed 13888K, reserved 327680K
}
Event: 150.161 GC heap before
{Heap before GC invocations=21 (full 0):
 garbage-first heap   total 277504K, used 250505K [0x00000000e0000000, 0x0000000100000000)
  region size 1024K, 115 young (117760K), 10 survivors (10240K)
 Metaspace       used 102847K, committed 105408K, reserved 458752K
  class space    used 13990K, committed 15232K, reserved 327680K
}
Event: 150.172 GC heap after
{Heap after GC invocations=22 (full 0):
 garbage-first heap   total 277504K, used 149230K [0x00000000e0000000, 0x0000000100000000)
  region size 1024K, 13 young (13312K), 13 survivors (13312K)
 Metaspace       used 102847K, committed 105408K, reserved 458752K
  class space    used 13990K, committed 15232K, reserved 327680K
}
Event: 167.741 GC heap before
{Heap before GC invocations=22 (full 0):
 garbage-first heap   total 277504K, used 186094K [0x00000000e0000000, 0x0000000100000000)
  region size 1024K, 50 young (51200K), 13 survivors (13312K)
 Metaspace       used 103723K, committed 106368K, reserved 458752K
  class space    used 14124K, committed 15424K, reserved 327680K
}
Event: 167.752 GC heap after
{Heap after GC invocations=23 (full 0):
 garbage-first heap   total 277504K, used 153072K [0x00000000e0000000, 0x0000000100000000)
  region size 1024K, 4 young (4096K), 4 survivors (4096K)
 Metaspace       used 103723K, committed 106368K, reserved 458752K
  class space    used 14124K, committed 15424K, reserved 327680K
}
Event: 197.800 GC heap before
{Heap before GC invocations=24 (full 0):
 garbage-first heap   total 277504K, used 257520K [0x00000000e0000000, 0x0000000100000000)
  region size 1024K, 106 young (108544K), 4 survivors (4096K)
 Metaspace       used 105226K, committed 107904K, reserved 458752K
  class space    used 14249K, committed 15552K, reserved 327680K
}
Event: 197.809 GC heap after
{Heap after GC invocations=25 (full 0):
 garbage-first heap   total 277504K, used 160589K [0x00000000e0000000, 0x0000000100000000)
  region size 1024K, 11 young (11264K), 11 survivors (11264K)
 Metaspace       used 105226K, committed 107904K, reserved 458752K
  class space    used 14249K, committed 15552K, reserved 327680K
}
Event: 1433.816 GC heap before
{Heap before GC invocations=25 (full 0):
 garbage-first heap   total 277504K, used 248653K [0x00000000e0000000, 0x0000000100000000)
  region size 1024K, 98 young (100352K), 11 survivors (11264K)
 Metaspace       used 106040K, committed 108736K, reserved 458752K
  class space    used 14303K, committed 15616K, reserved 327680K
}
Event: 1433.826 GC heap after
{Heap after GC invocations=26 (full 0):
 garbage-first heap   total 277504K, used 149208K [0x00000000e0000000, 0x0000000100000000)
  region size 1024K, 2 young (2048K), 2 survivors (2048K)
 Metaspace       used 106040K, committed 108736K, reserved 458752K
  class space    used 14303K, committed 15616K, reserved 327680K
}
Event: 2259.677 GC heap before
{Heap before GC invocations=26 (full 0):
 garbage-first heap   total 277504K, used 256728K [0x00000000e0000000, 0x0000000100000000)
  region size 1024K, 108 young (110592K), 2 survivors (2048K)
 Metaspace       used 106643K, committed 109312K, reserved 458752K
  class space    used 14360K, committed 15680K, reserved 327680K
}
Event: 2259.688 GC heap after
{Heap after GC invocations=27 (full 0):
 garbage-first heap   total 277504K, used 151333K [0x00000000e0000000, 0x0000000100000000)
  region size 1024K, 4 young (4096K), 4 survivors (4096K)
 Metaspace       used 106643K, committed 109312K, reserved 458752K
  class space    used 14360K, committed 15680K, reserved 327680K
}
Event: 2297.456 GC heap before
{Heap before GC invocations=28 (full 0):
 garbage-first heap   total 277504K, used 255781K [0x00000000e0000000, 0x0000000100000000)
  region size 1024K, 107 young (109568K), 4 survivors (4096K)
 Metaspace       used 102375K, committed 107840K, reserved 458752K
  class space    used 13435K, committed 15680K, reserved 327680K
}
Event: 2297.463 GC heap after
{Heap after GC invocations=29 (full 0):
 garbage-first heap   total 277504K, used 146572K [0x00000000e0000000, 0x0000000100000000)
  region size 1024K, 6 young (6144K), 6 survivors (6144K)
 Metaspace       used 102375K, committed 107840K, reserved 458752K
  class space    used 13435K, committed 15680K, reserved 327680K
}

